2024-12-11 13:58:11,440 - root - INFO - ***************testcase_id 0001*****************
2024-12-11 13:58:11,440 - root - INFO - ***************verifying Homepage title*****************
2024-12-11 13:58:11,440 - root - INFO - ***************started*****************
2024-12-11 13:58:14,918 - root - INFO - ***************testcase is passed*****************
2024-12-11 13:58:21,883 - root - INFO - ***************testcase_id 002*****************
2024-12-11 13:58:21,883 - root - INFO - ***************verifying Login*****************
2024-12-11 13:58:21,883 - root - INFO - ***************started*****************
2024-12-11 13:58:27,082 - root - INFO - ***************Testcase passed*****************
2024-12-12 15:54:09,023 - root - INFO - ***************testcase_id 0001*****************
2024-12-12 15:54:09,023 - root - INFO - ***************verifying Homepage title*****************
2024-12-12 15:54:09,023 - root - INFO - ***************started*****************
2024-12-12 15:54:12,693 - root - INFO - ***************testcase is passed*****************
2024-12-12 15:54:20,355 - root - INFO - ***************testcase_id 002*****************
2024-12-12 15:54:20,355 - root - INFO - ***************verifying Login*****************
2024-12-12 15:54:20,355 - root - INFO - ***************started*****************
2024-12-12 15:54:25,938 - root - INFO - ***************Testcase passed*****************
2024-12-12 16:01:35,920 - root - INFO - ***********verifying***********
2024-12-12 16:05:44,371 - root - INFO - ***********verifying***********
2024-12-12 16:05:47,023 - root - INFO - ***passed***
2024-12-12 16:12:30,029 - root - INFO - ***********verifying***********
2024-12-12 16:12:36,684 - root - INFO - ***passed***
2024-12-12 16:13:59,319 - root - INFO - ***********verifying***********
2024-12-12 16:14:02,480 - root - INFO - ***passed***
2024-12-12 16:14:45,965 - root - INFO - ***********verifying***********
2024-12-12 16:14:48,539 - root - INFO - ***passed***
